<?xml version="1.0" encoding="UTF-8"?>
<!-- Generated by org.testng.reporters.JUnitReportReporter -->
<testsuite skipped="0" hostname="IN2374582W1" name="com.ey.generics.EYUtils" tests="1" failures="0" timestamp="18 Oct 2019 13:29:18 GMT" time="9.732" errors="1">
  <testcase name="browserLaunch" time="9.732" classname="com.ey.generics.EYUtils">
    <error type="org.openqa.selenium.WebDriverException" message="unknown error: Chrome failed to start: exited normally
  (unknown error: DevToolsActivePort file doesn&#039;t exist)
  (The process started from chrome location C:\Program Files (x86)\Google\Chrome\Application\chrome.exe is no longer running, so ChromeDriver is assuming that Chrome has crashed.)
Build info: version: &#039;3.8.1&#039;, revision: &#039;6e95a6684b&#039;, time: &#039;2017-12-01T18:33:54.468Z&#039;
System info: host: &#039;IN2374582W1&#039;, ip: &#039;143.34.96.0&#039;, os.name: &#039;Windows 10&#039;, os.arch: &#039;amd64&#039;, os.version: &#039;10.0&#039;, java.version: &#039;1.8.0_212&#039;
Driver info: driver.version: ChromeDriver
remote stacktrace: Backtrace:
	Ordinal0 [0x00D7EB13+1501971]
	Ordinal0 [0x00CFF6D1+980689]
	Ordinal0 [0x00C8765F+489055]
	Ordinal0 [0x00C1C26C+49772]
	Ordinal0 [0x00C39800+169984]
	Ordinal0 [0x00C3942D+169005]
	Ordinal0 [0x00C378EB+162027]
	Ordinal0 [0x00C20AC7+68295]
	Ordinal0 [0x00C21B40+72512]
	Ordinal0 [0x00C21AD9+72409]
	Ordinal0 [0x00D18F37+1085239]
	GetHandleVerifier [0x00E1D7ED+503293]
	GetHandleVerifier [0x00E1D580+502672]
	GetHandleVerifier [0x00E246AC+531644]
	GetHandleVerifier [0x00E1DFFA+505354]
	Ordinal0 [0x00D10606+1050118]
	Ordinal0 [0x00D1047F+1049727]
	Ordinal0 [0x00D1AF9B+1093531]
	Ordinal0 [0x00D1B103+1093891]
	Ordinal0 [0x00D1A095+1089685]
	BaseThreadInitThunk [0x773E8494+36]
	RtlAreBitsSet [0x776C41C8+136]
	RtlAreBitsSet [0x776C4198+88]
">
      <![CDATA[org.openqa.selenium.WebDriverException: unknown error: Chrome failed to start: exited normally
  (unknown error: DevToolsActivePort file doesn't exist)
  (The process started from chrome location C:\Program Files (x86)\Google\Chrome\Application\chrome.exe is no longer running, so ChromeDriver is assuming that Chrome has crashed.)
Build info: version: '3.8.1', revision: '6e95a6684b', time: '2017-12-01T18:33:54.468Z'
System info: host: 'IN2374582W1', ip: '143.34.96.0', os.name: 'Windows 10', os.arch: 'amd64', os.version: '10.0', java.version: '1.8.0_212'
Driver info: driver.version: ChromeDriver
remote stacktrace: Backtrace:
Ordinal0 [0x00D7EB13+1501971]
Ordinal0 [0x00CFF6D1+980689]
Ordinal0 [0x00C8765F+489055]
Ordinal0 [0x00C1C26C+49772]
Ordinal0 [0x00C39800+169984]
Ordinal0 [0x00C3942D+169005]
Ordinal0 [0x00C378EB+162027]
Ordinal0 [0x00C20AC7+68295]
Ordinal0 [0x00C21B40+72512]
Ordinal0 [0x00C21AD9+72409]
Ordinal0 [0x00D18F37+1085239]
GetHandleVerifier [0x00E1D7ED+503293]
GetHandleVerifier [0x00E1D580+502672]
GetHandleVerifier [0x00E246AC+531644]
GetHandleVerifier [0x00E1DFFA+505354]
Ordinal0 [0x00D10606+1050118]
Ordinal0 [0x00D1047F+1049727]
Ordinal0 [0x00D1AF9B+1093531]
Ordinal0 [0x00D1B103+1093891]
Ordinal0 [0x00D1A095+1089685]
BaseThreadInitThunk [0x773E8494+36]
RtlAreBitsSet [0x776C41C8+136]
RtlAreBitsSet [0x776C4198+88]

at sun.reflect.NativeConstructorAccessorImpl.newInstance0(Native Method)
at sun.reflect.NativeConstructorAccessorImpl.newInstance(NativeConstructorAccessorImpl.java:62)
at sun.reflect.DelegatingConstructorAccessorImpl.newInstance(DelegatingConstructorAccessorImpl.java:45)
at java.lang.reflect.Constructor.newInstance(Constructor.java:423)
at org.openqa.selenium.remote.W3CHandshakeResponse.lambda$new$0(W3CHandshakeResponse.java:57)
at org.openqa.selenium.remote.W3CHandshakeResponse.lambda$getResponseFunction$2(W3CHandshakeResponse.java:104)
at org.openqa.selenium.remote.ProtocolHandshake.lambda$createSession$0(ProtocolHandshake.java:123)
at java.util.stream.ReferencePipeline$3$1.accept(ReferencePipeline.java:193)
at java.util.Spliterators$ArraySpliterator.tryAdvance(Spliterators.java:958)
at java.util.stream.ReferencePipeline.forEachWithCancel(ReferencePipeline.java:126)
at java.util.stream.AbstractPipeline.copyIntoWithCancel(AbstractPipeline.java:498)
at java.util.stream.AbstractPipeline.copyInto(AbstractPipeline.java:485)
at java.util.stream.AbstractPipeline.wrapAndCopyInto(AbstractPipeline.java:471)
at java.util.stream.FindOps$FindOp.evaluateSequential(FindOps.java:152)
at java.util.stream.AbstractPipeline.evaluate(AbstractPipeline.java:234)
at java.util.stream.ReferencePipeline.findFirst(ReferencePipeline.java:464)
at org.openqa.selenium.remote.ProtocolHandshake.createSession(ProtocolHandshake.java:126)
at org.openqa.selenium.remote.ProtocolHandshake.createSession(ProtocolHandshake.java:73)
at org.openqa.selenium.remote.HttpCommandExecutor.execute(HttpCommandExecutor.java:142)
at org.openqa.selenium.remote.service.DriverCommandExecutor.execute(DriverCommandExecutor.java:83)
at org.openqa.selenium.remote.RemoteWebDriver.execute(RemoteWebDriver.java:601)
at org.openqa.selenium.remote.RemoteWebDriver.startSession(RemoteWebDriver.java:219)
at org.openqa.selenium.remote.RemoteWebDriver.<init>(RemoteWebDriver.java:142)
at org.openqa.selenium.chrome.ChromeDriver.<init>(ChromeDriver.java:181)
at org.openqa.selenium.chrome.ChromeDriver.<init>(ChromeDriver.java:168)
at org.openqa.selenium.chrome.ChromeDriver.<init>(ChromeDriver.java:123)
at com.qa.testbase.TestBase.browserLaunch(TestBase.java:135)
at sun.reflect.NativeMethodAccessorImpl.invoke0(Native Method)
at sun.reflect.NativeMethodAccessorImpl.invoke(NativeMethodAccessorImpl.java:62)
at sun.reflect.DelegatingMethodAccessorImpl.invoke(DelegatingMethodAccessorImpl.java:43)
at java.lang.reflect.Method.invoke(Method.java:498)
at org.testng.internal.MethodInvocationHelper.invokeMethod(MethodInvocationHelper.java:124)
at org.testng.internal.MethodInvocationHelper.invokeMethodConsideringTimeout(MethodInvocationHelper.java:59)
at org.testng.internal.Invoker.invokeConfigurationMethod(Invoker.java:455)
at org.testng.internal.Invoker.invokeConfigurations(Invoker.java:222)
at org.testng.internal.Invoker.invokeConfigurations(Invoker.java:142)
at org.testng.SuiteRunner.privateRun(SuiteRunner.java:401)
at org.testng.SuiteRunner.run(SuiteRunner.java:364)
at org.testng.SuiteRunnerWorker.runSuite(SuiteRunnerWorker.java:52)
at org.testng.SuiteRunnerWorker.run(SuiteRunnerWorker.java:84)
at org.testng.TestNG.runSuitesSequentially(TestNG.java:1208)
at org.testng.TestNG.runSuitesLocally(TestNG.java:1137)
at org.testng.TestNG.runSuites(TestNG.java:1049)
at org.testng.TestNG.run(TestNG.java:1017)
at org.testng.remote.AbstractRemoteTestNG.run(AbstractRemoteTestNG.java:115)
at org.testng.remote.RemoteTestNG.initAndRun(RemoteTestNG.java:251)
at org.testng.remote.RemoteTestNG.main(RemoteTestNG.java:77)
]]>
    </error>
  </testcase> <!-- browserLaunch -->
</testsuite> <!-- com.ey.generics.EYUtils -->
